#
# A fatal error has been detected by the Java Runtime Environment:
#
#  EXCEPTION_ACCESS_VIOLATION (0xc0000005) at pc=0x00007ff8f059fd0c, pid=3496, tid=0x0000000000001c4c
#
# JRE version: Java(TM) SE Runtime Environment (8.0_144-b01) (build 1.8.0_144-b01)
# Java VM: Java HotSpot(TM) 64-Bit Server VM (25.144-b01 mixed mode windows-amd64 compressed oops)
# Problematic frame:
# C  [d3d9.dll+0xfd0c]
#
# Failed to write core dump. Minidumps are not enabled by default on client versions of Windows
#
# If you would like to submit a bug report, please visit:
#   http://bugreport.java.com/bugreport/crash.jsp
# The crash happened outside the Java Virtual Machine in native code.
# See problematic frame for where to report the bug.
#

---------------  T H R E A D  ---------------

Current thread (0x0000000017574800):  JavaThread "AWT-Windows" daemon [_thread_in_native, id=7244, stack(0x0000000017b60000,0x0000000017c60000)]

siginfo: ExceptionCode=0xc0000005, writing address 0x0000000000000000

Registers:
RAX=0x0000000000000000, RBX=0x0000000017c5dea0, RCX=0x000000001c4429c0, RDX=0x0000000017c5e6b0
RSP=0x0000000017c5ddf8, RBP=0x0000000017c5e190, RSI=0x0000000000000001, RDI=0x000000001c436d00
R8 =0x0000000000000000, R9 =0x0000000000000000, R10=0x000000001c4437dc, R11=0x0000000000000246
R12=0x0000000000000001, R13=0x0000000017c5e6b0, R14=0x0000000000000000, R15=0x0000000000000000
RIP=0x00007ff8f059fd0c, EFLAGS=0x0000000000010246

Top of Stack: (sp=0x0000000017c5ddf8)
0x0000000017c5ddf8:   00007ff8f05a167f 0000000017c5de58
0x0000000017c5de08:   0000000017c5de60 00000000000007b0
0x0000000017c5de18:   0000000000010001 0000000000000000
0x0000000017c5de28:   000000001c436d00 0000000000000000
0x0000000017c5de38:   00007ff8f05b76a6 0000000000000000
0x0000000017c5de48:   0000000000000000 0000000000000001
0x0000000017c5de58:   0000000000000001 0000000000000000
0x0000000017c5de68:   0000000000000000 0000000000005c88
0x0000000017c5de78:   0000000000005c90 0000000000000000
0x0000000017c5de88:   0000000017c5ded8 0000000000000000
0x0000000017c5de98:   000000000000001a 0000000000000000
0x0000000017c5dea8:   0000000000000000 00000000186e0c60
0x0000000017c5deb8:   000000001c4429c0 0000000000000000
0x0000000017c5dec8:   000000000082de98 0000000000000000
0x0000000017c5ded8:   0000000000000003 0000000000000000
0x0000000017c5dee8:   0000000000000000 0000000000000048 

Instructions: (pc=0x00007ff8f059fd0c)
0x00007ff8f059fcec:   e9 10 fe ff ff cc cc cc cc cc cc cc cc cc cc cc
0x00007ff8f059fcfc:   cc cc cc cc ff 25 00 00 00 00 c0 6a 01 80 01 00
0x00007ff8f059fd0c:   00 00 5c 24 20 55 56 57 41 54 41 55 41 56 41 57
0x00007ff8f059fd1c:   48 8d 6c 24 c0 48 81 ec 40 01 00 00 48 8b 05 a9 


Register to memory mapping:

RAX=0x0000000000000000 is an unknown value
RBX=0x0000000017c5dea0 is pointing into the stack for thread: 0x0000000017574800
RCX=0x000000001c4429c0 is an unknown value
RDX=0x0000000017c5e6b0 is pointing into the stack for thread: 0x0000000017574800
RSP=0x0000000017c5ddf8 is pointing into the stack for thread: 0x0000000017574800
RBP=0x0000000017c5e190 is pointing into the stack for thread: 0x0000000017574800
RSI=0x0000000000000001 is an unknown value
RDI=0x000000001c436d00 is an unknown value
R8 =0x0000000000000000 is an unknown value
R9 =0x0000000000000000 is an unknown value
R10=0x000000001c4437dc is an unknown value
R11=0x0000000000000246 is an unknown value
R12=0x0000000000000001 is an unknown value
R13=0x0000000017c5e6b0 is pointing into the stack for thread: 0x0000000017574800
R14=0x0000000000000000 is an unknown value
R15=0x0000000000000000 is an unknown value


Stack: [0x0000000017b60000,0x0000000017c60000],  sp=0x0000000017c5ddf8,  free space=1015k
Native frames: (J=compiled Java code, j=interpreted, Vv=VM code, C=native code)
C  [d3d9.dll+0xfd0c]
C  [d3d9.dll+0x1167f]
C  [d3d9.dll+0x276a6]
C  [d3d9.dll+0x2cb68]
C  [d3d9.dll+0x2a81e]
C  [awt.dll+0x19e2d]
C  [awt.dll+0x19f8b]
C  [awt.dll+0x1a93f]
C  [awt.dll+0x1e4c5]
C  [awt.dll+0x1b609]
C  0x0000000002437934

Java frames: (J=compiled Java code, j=interpreted, Vv=VM code)
j  sun.java2d.d3d.D3DGraphicsDevice.getDeviceCapsNative(I)I+0
j  sun.java2d.d3d.D3DGraphicsDevice.access$000(I)I+1
j  sun.java2d.d3d.D3DGraphicsDevice$1.run()V+8
v  ~StubRoutines::call_stub
j  sun.awt.windows.WToolkit.eventLoop()V+0
j  sun.awt.windows.WToolkit.run()V+58
j  java.lang.Thread.run()V+11
v  ~StubRoutines::call_stub

---------------  P R O C E S S  ---------------

Java Threads: ( => current thread )
=>0x0000000017574800 JavaThread "AWT-Windows" daemon [_thread_in_native, id=7244, stack(0x0000000017b60000,0x0000000017c60000)]
  0x0000000017570800 JavaThread "AWT-Shutdown" [_thread_blocked, id=6760, stack(0x0000000017a60000,0x0000000017b60000)]
  0x0000000017570000 JavaThread "Java2D Disposer" daemon [_thread_blocked, id=4660, stack(0x0000000017960000,0x0000000017a60000)]
  0x0000000017215000 JavaThread "Service Thread" daemon [_thread_blocked, id=7832, stack(0x0000000017610000,0x0000000017710000)]
  0x000000001590e000 JavaThread "C1 CompilerThread2" daemon [_thread_blocked, id=6644, stack(0x0000000017110000,0x0000000017210000)]
  0x000000001590b000 JavaThread "C2 CompilerThread1" daemon [_thread_blocked, id=5040, stack(0x0000000017010000,0x0000000017110000)]
  0x00000000158ac000 JavaThread "C2 CompilerThread0" daemon [_thread_blocked, id=5388, stack(0x0000000016f10000,0x0000000017010000)]
  0x00000000158aa800 JavaThread "Attach Listener" daemon [_thread_blocked, id=9196, stack(0x0000000016e10000,0x0000000016f10000)]
  0x00000000158a9000 JavaThread "Signal Dispatcher" daemon [_thread_blocked, id=4360, stack(0x0000000016d10000,0x0000000016e10000)]
  0x000000001589a800 JavaThread "Finalizer" daemon [_thread_blocked, id=5816, stack(0x0000000016b00000,0x0000000016c00000)]
  0x000000000240f000 JavaThread "Reference Handler" daemon [_thread_blocked, id=10084, stack(0x0000000016a00000,0x0000000016b00000)]
  0x0000000002320800 JavaThread "main" [_thread_in_native, id=9888, stack(0x0000000002220000,0x0000000002320000)]

Other Threads:
  0x0000000015877800 VMThread [stack: 0x0000000016900000,0x0000000016a00000] [id=6728]
  0x0000000017219800 WatcherThread [stack: 0x0000000017860000,0x0000000017960000] [id=6224]

VM state:not at safepoint (normal execution)

VM Mutex/Monitor currently owned by a thread: None

Heap:
 PSYoungGen      total 26112K, used 3625K [0x00000000e2d00000, 0x00000000e4a00000, 0x0000000100000000)
  eden space 22528K, 16% used [0x00000000e2d00000,0x00000000e308a480,0x00000000e4300000)
  from space 3584K, 0% used [0x00000000e4680000,0x00000000e4680000,0x00000000e4a00000)
  to   space 3584K, 0% used [0x00000000e4300000,0x00000000e4300000,0x00000000e4680000)
 ParOldGen       total 60416K, used 0K [0x00000000a8600000, 0x00000000ac100000, 0x00000000e2d00000)
  object space 60416K, 0% used [0x00000000a8600000,0x00000000a8600000,0x00000000ac100000)
 Metaspace       used 6460K, capacity 6602K, committed 6784K, reserved 1056768K
  class space    used 785K, capacity 860K, committed 896K, reserved 1048576K

Card table byte_map: [0x00000000117e0000,0x0000000011aa0000] byte_map_base: 0x000000001129d000

Marking Bits: (ParMarkBitMap*) 0x0000000077f7d850
 Begin Bits: [0x0000000012080000, 0x0000000013668000)
 End Bits:   [0x0000000013668000, 0x0000000014c50000)

Polling page: 0x0000000000ad0000

CodeCache: size=245760Kb used=1682Kb max_used=1682Kb free=244077Kb
 bounds [0x0000000002420000, 0x0000000002690000, 0x0000000011420000]
 total_blobs=630 nmethods=285 adapters=259
 compilation: enabled

Compilation events (10 events):
Event: 1.568 Thread 0x000000001590e000  282       3       java.lang.String::endsWith (17 bytes)
Event: 1.568 Thread 0x000000001590e000 nmethod 282 0x00000000025c2590 code [0x00000000025c2700, 0x00000000025c2928]
Event: 1.568 Thread 0x000000001590e000  283       3       sun.util.ResourceBundleEnumeration::hasMoreElements (117 bytes)
Event: 1.570 Thread 0x000000001590e000 nmethod 283 0x00000000025c2a50 code [0x00000000025c2c40, 0x00000000025c3648]
Event: 1.570 Thread 0x000000001590e000  281       3       java.lang.String::toString (2 bytes)
Event: 1.570 Thread 0x000000001590e000 nmethod 281 0x00000000025c3890 code [0x00000000025c39e0, 0x00000000025c3b30]
Event: 1.661 Thread 0x000000001590e000  285       1       java.net.URL::getPath (5 bytes)
Event: 1.662 Thread 0x000000001590e000 nmethod 285 0x00000000025c4190 code [0x00000000025c42e0, 0x00000000025c43f0]
Event: 1.662 Thread 0x000000001590e000  284       1       java.net.URL::getAuthority (5 bytes)
Event: 1.662 Thread 0x000000001590e000 nmethod 284 0x00000000025c4450 code [0x00000000025c45a0, 0x00000000025c46b0]

GC Heap History (0 events):
No events

Deoptimization events (0 events):
No events

Internal exceptions (10 events):
Event: 0.097 Thread 0x0000000002320800 Exception <a 'java/lang/NoSuchMethodError': Method sun.misc.Unsafe.prefetchRead(Ljava/lang/Object;J)V name or signature does not match> (0x00000000e2d07f90) thrown at [C:\re\workspace\8-2-build-windows-amd64-cygwin\jdk8u144\9417\hotspot\src\share\vm\prims
Event: 0.557 Thread 0x0000000002320800 Exception <a 'java/io/FileNotFoundException'> (0x00000000e2d59498) thrown at [C:\re\workspace\8-2-build-windows-amd64-cygwin\jdk8u144\9417\hotspot\src\share\vm\prims\jni.cpp, line 709]
Event: 0.762 Thread 0x0000000002320800 Exception <a 'java/security/PrivilegedActionException'> (0x00000000e2e052e8) thrown at [C:\re\workspace\8-2-build-windows-amd64-cygwin\jdk8u144\9417\hotspot\src\share\vm\prims\jvm.cpp, line 1390]
Event: 0.762 Thread 0x0000000002320800 Exception <a 'java/security/PrivilegedActionException'> (0x00000000e2e054f8) thrown at [C:\re\workspace\8-2-build-windows-amd64-cygwin\jdk8u144\9417\hotspot\src\share\vm\prims\jvm.cpp, line 1390]
Event: 0.774 Thread 0x0000000002320800 Exception <a 'java/security/PrivilegedActionException'> (0x00000000e2e09168) thrown at [C:\re\workspace\8-2-build-windows-amd64-cygwin\jdk8u144\9417\hotspot\src\share\vm\prims\jvm.cpp, line 1390]
Event: 0.774 Thread 0x0000000002320800 Exception <a 'java/security/PrivilegedActionException'> (0x00000000e2e09378) thrown at [C:\re\workspace\8-2-build-windows-amd64-cygwin\jdk8u144\9417\hotspot\src\share\vm\prims\jvm.cpp, line 1390]
Event: 0.817 Thread 0x0000000002320800 Exception <a 'java/io/FileNotFoundException'> (0x00000000e2e107d8) thrown at [C:\re\workspace\8-2-build-windows-amd64-cygwin\jdk8u144\9417\hotspot\src\share\vm\prims\jni.cpp, line 709]
Event: 1.006 Thread 0x0000000002320800 Exception <a 'java/lang/NoSuchFieldError': method resolution failed> (0x00000000e2ede7a0) thrown at [C:\re\workspace\8-2-build-windows-amd64-cygwin\jdk8u144\9417\hotspot\src\share\vm\prims\methodHandles.cpp, line 1146]
Event: 1.042 Thread 0x0000000002320800 Exception <a 'java/lang/NoSuchFieldError': method resolution failed> (0x00000000e2eebaf0) thrown at [C:\re\workspace\8-2-build-windows-amd64-cygwin\jdk8u144\9417\hotspot\src\share\vm\prims\methodHandles.cpp, line 1146]
Event: 1.461 Thread 0x0000000002320800 Exception <a 'java/io/FileNotFoundException'> (0x00000000e2f9b830) thrown at [C:\re\workspace\8-2-build-windows-amd64-cygwin\jdk8u144\9417\hotspot\src\share\vm\prims\jni.cpp, line 709]

Events (10 events):
Event: 1.735 loading class sun/java2d/pipe/RenderQueue done
Event: 1.735 loading class sun/java2d/d3d/D3DRenderQueue done
Event: 1.735 loading class sun/java2d/pipe/RenderBuffer
Event: 1.735 loading class sun/java2d/pipe/RenderBuffer done
Event: 1.735 loading class sun/java2d/d3d/D3DRenderQueue$1
Event: 1.736 loading class sun/java2d/d3d/D3DRenderQueue$1 done
Event: 1.736 loading class sun/java2d/d3d/D3DGraphicsDevice$1Result
Event: 1.736 loading class sun/java2d/d3d/D3DGraphicsDevice$1Result done
Event: 1.736 loading class sun/java2d/d3d/D3DGraphicsDevice$1
Event: 1.736 loading class sun/java2d/d3d/D3DGraphicsDevice$1 done


Dynamic libraries:
0x00007ff611830000 - 0x00007ff611867000 	C:\Program Files\Java\jre1.8.0_144\bin\javaw.exe
0x00007ff90edc0000 - 0x00007ff90ef9b000 	C:\Windows\SYSTEM32\ntdll.dll
0x00007ff9000e0000 - 0x00007ff900114000 	C:\Program Files (x86)\AVG\Antivirus\x64\aswhooka.dll
0x00007ff90d6d0000 - 0x00007ff90d77e000 	C:\Windows\System32\KERNEL32.DLL
0x00007ff90b630000 - 0x00007ff90b879000 	C:\Windows\System32\KERNELBASE.dll
0x00007ff90cc00000 - 0x00007ff90cca1000 	C:\Windows\System32\ADVAPI32.dll
0x00007ff90c800000 - 0x00007ff90c89d000 	C:\Windows\System32\msvcrt.dll
0x00007ff90c8b0000 - 0x00007ff90c909000 	C:\Windows\System32\sechost.dll
0x00007ff90c350000 - 0x00007ff90c475000 	C:\Windows\System32\RPCRT4.dll
0x00007ff90d280000 - 0x00007ff90d3ca000 	C:\Windows\System32\USER32.dll
0x00007ff90b510000 - 0x00007ff90b52e000 	C:\Windows\System32\win32u.dll
0x00007ff90d8f0000 - 0x00007ff90d917000 	C:\Windows\System32\GDI32.dll
0x00007ff90b2e0000 - 0x00007ff90b469000 	C:\Windows\System32\gdi32full.dll
0x00007ff90b470000 - 0x00007ff90b50a000 	C:\Windows\System32\msvcp_win.dll
0x00007ff90bb20000 - 0x00007ff90bc16000 	C:\Windows\System32\ucrtbase.dll
0x00007ff901390000 - 0x00007ff9015f7000 	C:\Windows\WinSxS\amd64_microsoft.windows.common-controls_6595b64144ccf1df_6.0.15063.0_none_108e4f62dfe5d999\COMCTL32.dll
0x00007ff90d3d0000 - 0x00007ff90d6c9000 	C:\Windows\System32\combase.dll
0x00007ff90bab0000 - 0x00007ff90bb1a000 	C:\Windows\System32\bcryptPrimitives.dll
0x00007ff90c320000 - 0x00007ff90c34d000 	C:\Windows\System32\IMM32.DLL
0x00000000501f0000 - 0x00000000502c2000 	C:\Program Files\Java\jre1.8.0_144\bin\msvcr100.dll
0x0000000077760000 - 0x0000000077ffd000 	C:\Program Files\Java\jre1.8.0_144\bin\server\jvm.dll
0x00007ff90c480000 - 0x00007ff90c488000 	C:\Windows\System32\PSAPI.DLL
0x00007ff8fa410000 - 0x00007ff8fa419000 	C:\Windows\SYSTEM32\WSOCK32.dll
0x00007ff90d1b0000 - 0x00007ff90d21c000 	C:\Windows\System32\WS2_32.dll
0x00007ff909610000 - 0x00007ff909633000 	C:\Windows\SYSTEM32\WINMM.dll
0x00007ff9052e0000 - 0x00007ff9052ea000 	C:\Windows\SYSTEM32\VERSION.dll
0x00007ff9095b0000 - 0x00007ff9095db000 	C:\Windows\SYSTEM32\WINMMBASE.dll
0x00007ff90b5e0000 - 0x00007ff90b629000 	C:\Windows\System32\cfgmgr32.dll
0x00000000536e0000 - 0x00000000536ef000 	C:\Program Files\Java\jre1.8.0_144\bin\verify.dll
0x0000000050370000 - 0x0000000050399000 	C:\Program Files\Java\jre1.8.0_144\bin\java.dll
0x0000000050350000 - 0x0000000050366000 	C:\Program Files\Java\jre1.8.0_144\bin\zip.dll
0x00007ff90d980000 - 0x00007ff90edb7000 	C:\Windows\System32\SHELL32.dll
0x00007ff90c920000 - 0x00007ff90c9ca000 	C:\Windows\System32\shcore.dll
0x00007ff90bc20000 - 0x00007ff90c312000 	C:\Windows\System32\windows.storage.dll
0x00007ff90d220000 - 0x00007ff90d271000 	C:\Windows\System32\shlwapi.dll
0x00007ff90b270000 - 0x00007ff90b281000 	C:\Windows\System32\kernel.appcore.dll
0x00007ff90b290000 - 0x00007ff90b2dc000 	C:\Windows\System32\powrprof.dll
0x00007ff90b250000 - 0x00007ff90b265000 	C:\Windows\System32\profapi.dll
0x0000000050050000 - 0x00000000501e8000 	C:\Program Files\Java\jre1.8.0_144\bin\awt.dll
0x00007ff90ccb0000 - 0x00007ff90cd6f000 	C:\Windows\System32\OLEAUT32.dll
0x00007ff909800000 - 0x00007ff90987e000 	C:\Windows\SYSTEM32\apphelp.dll
0x00007ff909990000 - 0x00007ff909a25000 	C:\Windows\system32\uxtheme.dll
0x00007ff90d780000 - 0x00007ff90d8e6000 	C:\Windows\System32\MSCTF.dll
0x0000000180000000 - 0x000000018006c000 	C:\Program Files (x86)\RivaTuner Statistics Server\RTSSHooks64.dll
0x0000000053790000 - 0x0000000053833000 	C:\Windows\WinSxS\amd64_microsoft.vc90.crt_1fc8b3b9a1e18e3b_9.0.30729.9279_none_08e667efa83ba076\MSVCR90.dll
0x00007ff908610000 - 0x00007ff90863a000 	C:\Windows\system32\dwmapi.dll
0x00007ff90c9d0000 - 0x00007ff90cb13000 	C:\Windows\System32\ole32.dll
0x00007ff8f12b0000 - 0x00007ff8f13d1000 	C:\Windows\system32\opengl32.dll
0x00007ff907560000 - 0x00007ff90758c000 	C:\Windows\SYSTEM32\GLU32.dll
0x00007ff8f0590000 - 0x00007ff8f0719000 	C:\Windows\system32\d3d9.dll
0x00007ff9071c0000 - 0x00007ff907324000 	C:\Windows\SYSTEM32\aticfx64.dll
0x00007ff902fa0000 - 0x00007ff902fc1000 	C:\Windows\SYSTEM32\atiu9p64.dll
0x00007ff8e43e0000 - 0x00007ff8e4c39000 	C:\Windows\SYSTEM32\atiumd64.dll
0x0000000076ed0000 - 0x0000000077758000 	C:\Windows\SYSTEM32\atiumd6a.dll
0x00007ff9077a0000 - 0x00007ff907949000 	C:\Windows\SYSTEM32\dbghelp.dll

VM Arguments:
jvm_args: -Dfile.encoding=Cp1252 
java_command: Ventanas.Ventanas
java_class_path (initial): D:\Proyectos\Java\JuegoAdventureTime\bin
Launcher Type: SUN_STANDARD

Environment Variables:
PATH=C:/Program Files/Java/jre1.8.0_144/bin/server;C:/Program Files/Java/jre1.8.0_144/bin;C:/Program Files/Java/jre1.8.0_144/lib/amd64;C:\oraclexe\app\oracle\product\11.2.0\server\bin;;C:\Program Files\Broadcom\Broadcom 802.11 Network Adapter;;C:\ProgramData\Oracle\Java\javapath;C:\Windows\system32;C:\Windows;C:\Windows\System32\Wbem;C:\Windows\System32\WindowsPowerShell\v1.0\;C:\Python 3.6.2\Scripts;C:\Python 3.6.2\;C:\Python 3.6.2\Lib\site-packages\Django-1.11.6-py3.6.egg\django\bin;C:\Users\Fran Gomez\AppData\Local\Microsoft\WindowsApps;C:\Program Files\Java\jre1.8.0_144;C:\Program Files\Java\jdk1.8.0_144;;C:\Program Files (x86)\Eclipse;
USERNAME=Fran Gomez
OS=Windows_NT
PROCESSOR_IDENTIFIER=AMD64 Family 22 Model 0 Stepping 1, AuthenticAMD



---------------  S Y S T E M  ---------------

OS: Windows 10.0 , 64 bit Build 15063 (10.0.15063.0)

CPU:total 4 (initial active 4) (4 cores per cpu, 1 threads per core) family 22 model 0 stepping 1, cmov, cx8, fxsr, mmx, sse, sse2, sse3, ssse3, sse4.1, sse4.2, popcnt, avx, aes, clmul, mmxext, 3dnowpref, lzcnt, sse4a, tsc, tscinvbit, tscinv, bmi1

Memory: 4k page, physical 5735540k(2720572k free), swap 7369844k(3070172k free)

vm_info: Java HotSpot(TM) 64-Bit Server VM (25.144-b01) for windows-amd64 JRE (1.8.0_144-b01), built on Jul 21 2017 21:57:33 by "java_re" with MS VC++ 10.0 (VS2010)

time: Wed Jan 17 10:16:49 2018
elapsed time: 1 seconds (0d 0h 0m 1s)

